{
    "C:\\Users\\lucab\\OneDrive\\Desktop\\jibJab\\JibJab\\backend\\controllers\\MessageController.ts": {
        "path": "C:\\Users\\lucab\\OneDrive\\Desktop\\jibJab\\JibJab\\backend\\controllers\\MessageController.ts",
        "statementMap": {
            "0": {
                "start": { "line": 1, "column": 0 },
                "end": { "line": 1, "column": null }
            },
            "1": {
                "start": { "line": 8, "column": 0 },
                "end": { "line": 8, "column": 54 }
            },
            "2": {
                "start": { "line": 9, "column": 0 },
                "end": { "line": 9, "column": 64 }
            },
            "3": {
                "start": { "line": 10, "column": 0 },
                "end": { "line": 10, "column": 23 }
            },
            "4": {
                "start": { "line": 11, "column": 0 },
                "end": { "line": 11, "column": 50 }
            },
            "5": {
                "start": { "line": 14, "column": 7 },
                "end": { "line": 96, "column": null }
            },
            "6": {
                "start": { "line": 23, "column": 8 },
                "end": { "line": 25, "column": null }
            },
            "7": {
                "start": { "line": 24, "column": 12 },
                "end": { "line": 24, "column": 61 }
            },
            "8": {
                "start": { "line": 26, "column": 8 },
                "end": { "line": 28, "column": null }
            },
            "9": {
                "start": { "line": 27, "column": 12 },
                "end": { "line": 27, "column": 73 }
            },
            "10": {
                "start": { "line": 30, "column": 38 },
                "end": { "line": 38, "column": 10 }
            },
            "11": {
                "start": { "line": 40, "column": 18 },
                "end": { "line": 40, "column": 42 }
            },
            "12": {
                "start": { "line": 41, "column": 8 },
                "end": { "line": 61, "column": null }
            },
            "13": {
                "start": { "line": 42, "column": 12 },
                "end": { "line": 42, "column": 27 }
            },
            "14": {
                "start": { "line": 43, "column": 12 },
                "end": { "line": 52, "column": 15 }
            },
            "15": {
                "start": { "line": 54, "column": 12 },
                "end": { "line": 60, "column": null }
            },
            "16": {
                "start": { "line": 55, "column": 16 },
                "end": { "line": 55, "column": 40 }
            },
            "17": {
                "start": { "line": 56, "column": 19 },
                "end": { "line": 60, "column": null }
            },
            "18": {
                "start": { "line": 57, "column": 16 },
                "end": { "line": 57, "column": 48 }
            },
            "19": {
                "start": { "line": 59, "column": 16 },
                "end": { "line": 59, "column": 52 }
            },
            "20": {
                "start": { "line": 72, "column": 8 },
                "end": { "line": 73, "column": 61 }
            },
            "21": {
                "start": { "line": 73, "column": 12 },
                "end": { "line": 73, "column": 61 }
            },
            "22": {
                "start": { "line": 75, "column": 25 },
                "end": { "line": 92, "column": 14 }
            },
            "23": {
                "start": { "line": 94, "column": 8 },
                "end": { "line": 94, "column": 40 }
            },
            "24": {
                "start": { "line": 17, "column": 10 },
                "end": { "line": 62, "column": null }
            },
            "25": {
                "start": { "line": 66, "column": 10 },
                "end": { "line": 95, "column": null }
            },
            "26": {
                "start": { "line": 14, "column": 13 },
                "end": { "line": 96, "column": null }
            },
            "27": {
                "start": { "line": 14, "column": 13 },
                "end": { "line": 14, "column": 30 }
            }
        },
        "fnMap": {
            "0": {
                "name": "(anonymous_11)",
                "decl": {
                    "start": { "line": 17, "column": 10 },
                    "end": { "line": 17, "column": 16 }
                },
                "loc": {
                    "start": { "line": 21, "column": 32 },
                    "end": { "line": 62, "column": null }
                }
            },
            "1": {
                "name": "(anonymous_13)",
                "decl": {
                    "start": { "line": 66, "column": 10 },
                    "end": { "line": 66, "column": 13 }
                },
                "loc": {
                    "start": { "line": 70, "column": 47 },
                    "end": { "line": 95, "column": null }
                }
            }
        },
        "branchMap": {
            "0": {
                "loc": {
                    "start": { "line": 23, "column": 8 },
                    "end": { "line": 25, "column": null }
                },
                "type": "if",
                "locations": [
                    {
                        "start": { "line": 23, "column": 8 },
                        "end": { "line": 25, "column": null }
                    }
                ]
            },
            "1": {
                "loc": {
                    "start": { "line": 23, "column": 12 },
                    "end": { "line": 23, "column": 47 }
                },
                "type": "binary-expr",
                "locations": [
                    {
                        "start": { "line": 23, "column": 12 },
                        "end": { "line": 23, "column": 20 }
                    },
                    {
                        "start": { "line": 23, "column": 24 },
                        "end": { "line": 23, "column": 33 }
                    },
                    {
                        "start": { "line": 23, "column": 37 },
                        "end": { "line": 23, "column": 47 }
                    }
                ]
            },
            "2": {
                "loc": {
                    "start": { "line": 26, "column": 8 },
                    "end": { "line": 28, "column": null }
                },
                "type": "if",
                "locations": [
                    {
                        "start": { "line": 26, "column": 8 },
                        "end": { "line": 28, "column": null }
                    }
                ]
            },
            "3": {
                "loc": {
                    "start": { "line": 54, "column": 12 },
                    "end": { "line": 60, "column": null }
                },
                "type": "if",
                "locations": [
                    {
                        "start": { "line": 54, "column": 12 },
                        "end": { "line": 60, "column": null }
                    },
                    {
                        "start": { "line": 56, "column": 19 },
                        "end": { "line": 60, "column": null }
                    }
                ]
            },
            "4": {
                "loc": {
                    "start": { "line": 56, "column": 19 },
                    "end": { "line": 60, "column": null }
                },
                "type": "if",
                "locations": [
                    {
                        "start": { "line": 56, "column": 19 },
                        "end": { "line": 60, "column": null }
                    },
                    {
                        "start": { "line": 58, "column": 19 },
                        "end": { "line": 60, "column": null }
                    }
                ]
            },
            "5": {
                "loc": {
                    "start": { "line": 72, "column": 8 },
                    "end": { "line": 73, "column": 61 }
                },
                "type": "if",
                "locations": [
                    {
                        "start": { "line": 72, "column": 8 },
                        "end": { "line": 73, "column": 61 }
                    }
                ]
            },
            "6": {
                "loc": {
                    "start": { "line": 72, "column": 12 },
                    "end": { "line": 72, "column": 48 }
                },
                "type": "binary-expr",
                "locations": [
                    {
                        "start": { "line": 72, "column": 12 },
                        "end": { "line": 72, "column": 21 }
                    },
                    {
                        "start": { "line": 72, "column": 25 },
                        "end": { "line": 72, "column": 35 }
                    },
                    {
                        "start": { "line": 72, "column": 39 },
                        "end": { "line": 72, "column": 48 }
                    }
                ]
            }
        },
        "s": {
            "0": 1,
            "1": 1,
            "2": 1,
            "3": 1,
            "4": 1,
            "5": 1,
            "6": 3,
            "7": 1,
            "8": 2,
            "9": 1,
            "10": 1,
            "11": 1,
            "12": 1,
            "13": 1,
            "14": 1,
            "15": 0,
            "16": 0,
            "17": 0,
            "18": 0,
            "19": 0,
            "20": 3,
            "21": 1,
            "22": 2,
            "23": 2,
            "24": 1,
            "25": 1,
            "26": 1,
            "27": 1
        },
        "f": { "0": 3, "1": 3 },
        "b": {
            "0": [1],
            "1": [3, 2, 2],
            "2": [1],
            "3": [0, 0],
            "4": [0, 0],
            "5": [1],
            "6": [3, 3, 3]
        }
    },
    "C:\\Users\\lucab\\OneDrive\\Desktop\\jibJab\\JibJab\\backend\\controllers\\UserController.ts": {
        "path": "C:\\Users\\lucab\\OneDrive\\Desktop\\jibJab\\JibJab\\backend\\controllers\\UserController.ts",
        "statementMap": {
            "0": {
                "start": { "line": 1, "column": 0 },
                "end": { "line": 1, "column": null }
            },
            "1": {
                "start": { "line": 11, "column": 0 },
                "end": { "line": 11, "column": 45 }
            },
            "2": {
                "start": { "line": 12, "column": 0 },
                "end": { "line": 12, "column": 64 }
            },
            "3": {
                "start": { "line": 13, "column": 0 },
                "end": { "line": 13, "column": 36 }
            },
            "4": {
                "start": { "line": 14, "column": 0 },
                "end": { "line": 14, "column": 28 }
            },
            "5": {
                "start": { "line": 17, "column": 7 },
                "end": { "line": 125, "column": null }
            },
            "6": {
                "start": { "line": 27, "column": 8 },
                "end": { "line": 29, "column": null }
            },
            "7": {
                "start": { "line": 28, "column": 12 },
                "end": { "line": 28, "column": 61 }
            },
            "8": {
                "start": { "line": 30, "column": 8 },
                "end": { "line": 32, "column": null }
            },
            "9": {
                "start": { "line": 31, "column": 12 },
                "end": { "line": 31, "column": 76 }
            },
            "10": {
                "start": { "line": 33, "column": 8 },
                "end": { "line": 35, "column": null }
            },
            "11": {
                "start": { "line": 34, "column": 12 },
                "end": { "line": 34, "column": 76 }
            },
            "12": {
                "start": { "line": 37, "column": 21 },
                "end": { "line": 37, "column": 49 }
            },
            "13": {
                "start": { "line": 38, "column": 22 },
                "end": { "line": 40, "column": null }
            },
            "14": {
                "start": { "line": 42, "column": 32 },
                "end": { "line": 50, "column": 10 }
            },
            "15": {
                "start": { "line": 52, "column": 18 },
                "end": { "line": 52, "column": 36 }
            },
            "16": {
                "start": { "line": 53, "column": 8 },
                "end": { "line": 66, "column": null }
            },
            "17": {
                "start": { "line": 54, "column": 12 },
                "end": { "line": 54, "column": 27 }
            },
            "18": {
                "start": { "line": 55, "column": 12 },
                "end": { "line": 57, "column": 15 }
            },
            "19": {
                "start": { "line": 59, "column": 12 },
                "end": { "line": 65, "column": null }
            },
            "20": {
                "start": { "line": 60, "column": 16 },
                "end": { "line": 60, "column": 40 }
            },
            "21": {
                "start": { "line": 61, "column": 19 },
                "end": { "line": 65, "column": null }
            },
            "22": {
                "start": { "line": 62, "column": 16 },
                "end": { "line": 62, "column": 48 }
            },
            "23": {
                "start": { "line": 64, "column": 16 },
                "end": { "line": 64, "column": 52 }
            },
            "24": {
                "start": { "line": 76, "column": 21 },
                "end": { "line": 76, "column": 64 }
            },
            "25": {
                "start": { "line": 77, "column": 8 },
                "end": { "line": 79, "column": null }
            },
            "26": {
                "start": { "line": 78, "column": 12 },
                "end": { "line": 78, "column": 65 }
            },
            "27": {
                "start": { "line": 82, "column": 23 },
                "end": { "line": 82, "column": 68 }
            },
            "28": {
                "start": { "line": 83, "column": 8 },
                "end": { "line": 85, "column": null }
            },
            "29": {
                "start": { "line": 84, "column": 12 },
                "end": { "line": 84, "column": 65 }
            },
            "30": {
                "start": { "line": 88, "column": 22 },
                "end": { "line": 90, "column": null }
            },
            "31": {
                "start": { "line": 92, "column": 8 },
                "end": { "line": 92, "column": 55 }
            },
            "32": {
                "start": { "line": 98, "column": 21 },
                "end": { "line": 102, "column": 63 }
            },
            "33": {
                "start": { "line": 103, "column": 8 },
                "end": { "line": 105, "column": null }
            },
            "34": {
                "start": { "line": 104, "column": 12 },
                "end": { "line": 104, "column": 54 }
            },
            "35": {
                "start": { "line": 107, "column": 8 },
                "end": { "line": 107, "column": 36 }
            },
            "36": {
                "start": { "line": 113, "column": 8 },
                "end": { "line": 114, "column": 75 }
            },
            "37": {
                "start": { "line": 114, "column": 12 },
                "end": { "line": 114, "column": 75 }
            },
            "38": {
                "start": { "line": 116, "column": 8 },
                "end": { "line": 121, "column": 10 }
            },
            "39": {
                "start": { "line": 123, "column": 8 },
                "end": { "line": 123, "column": 32 }
            },
            "40": {
                "start": { "line": 20, "column": 10 },
                "end": { "line": 67, "column": null }
            },
            "41": {
                "start": { "line": 71, "column": 10 },
                "end": { "line": 93, "column": null }
            },
            "42": {
                "start": { "line": 97, "column": 10 },
                "end": { "line": 108, "column": null }
            },
            "43": {
                "start": { "line": 112, "column": 10 },
                "end": { "line": 124, "column": null }
            },
            "44": {
                "start": { "line": 17, "column": 13 },
                "end": { "line": 125, "column": null }
            },
            "45": {
                "start": { "line": 17, "column": 13 },
                "end": { "line": 17, "column": 27 }
            },
            "46": {
                "start": { "line": 127, "column": 21 },
                "end": { "line": 134, "column": 1 }
            },
            "47": {
                "start": { "line": 128, "column": 4 },
                "end": { "line": 133, "column": 7 }
            },
            "48": {
                "start": { "line": 129, "column": 8 },
                "end": { "line": 132, "column": 11 }
            },
            "49": {
                "start": { "line": 129, "column": 64 },
                "end": { "line": 132, "column": 10 }
            },
            "50": {
                "start": { "line": 130, "column": 12 },
                "end": { "line": 130, "column": 33 }
            },
            "51": {
                "start": { "line": 130, "column": 21 },
                "end": { "line": 130, "column": 33 }
            },
            "52": {
                "start": { "line": 131, "column": 12 },
                "end": { "line": 131, "column": 28 }
            }
        },
        "fnMap": {
            "0": {
                "name": "(anonymous_11)",
                "decl": {
                    "start": { "line": 20, "column": 10 },
                    "end": { "line": 20, "column": 18 }
                },
                "loc": {
                    "start": { "line": 25, "column": 47 },
                    "end": { "line": 67, "column": null }
                }
            },
            "1": {
                "name": "(anonymous_13)",
                "decl": {
                    "start": { "line": 71, "column": 10 },
                    "end": { "line": 71, "column": 15 }
                },
                "loc": {
                    "start": { "line": 73, "column": 47 },
                    "end": { "line": 93, "column": null }
                }
            },
            "2": {
                "name": "(anonymous_15)",
                "decl": {
                    "start": { "line": 97, "column": 10 },
                    "end": { "line": 97, "column": 20 }
                },
                "loc": {
                    "start": { "line": 97, "column": 74 },
                    "end": { "line": 108, "column": null }
                }
            },
            "3": {
                "name": "(anonymous_17)",
                "decl": {
                    "start": { "line": 112, "column": 10 },
                    "end": { "line": 112, "column": 19 }
                },
                "loc": {
                    "start": { "line": 112, "column": 75 },
                    "end": { "line": 124, "column": null }
                }
            },
            "4": {
                "name": "(anonymous_19)",
                "decl": {
                    "start": { "line": 127, "column": 21 },
                    "end": { "line": 127, "column": 22 }
                },
                "loc": {
                    "start": { "line": 127, "column": 59 },
                    "end": { "line": 134, "column": 1 }
                }
            },
            "5": {
                "name": "(anonymous_20)",
                "decl": {
                    "start": { "line": 128, "column": 23 },
                    "end": { "line": 128, "column": 24 }
                },
                "loc": {
                    "start": { "line": 128, "column": 43 },
                    "end": { "line": 133, "column": 5 }
                }
            },
            "6": {
                "name": "(anonymous_21)",
                "decl": {
                    "start": { "line": 129, "column": 34 },
                    "end": { "line": 129, "column": 41 }
                },
                "loc": {
                    "start": { "line": 129, "column": 64 },
                    "end": { "line": 132, "column": 10 }
                }
            },
            "7": {
                "name": "(anonymous_22)",
                "decl": {
                    "start": { "line": 129, "column": 64 },
                    "end": { "line": 129, "column": null }
                },
                "loc": {
                    "start": { "line": 129, "column": 64 },
                    "end": { "line": 132, "column": 9 }
                }
            }
        },
        "branchMap": {
            "0": {
                "loc": {
                    "start": { "line": 27, "column": 8 },
                    "end": { "line": 29, "column": null }
                },
                "type": "if",
                "locations": [
                    {
                        "start": { "line": 27, "column": 8 },
                        "end": { "line": 29, "column": null }
                    }
                ]
            },
            "1": {
                "loc": {
                    "start": { "line": 27, "column": 12 },
                    "end": { "line": 27, "column": 73 }
                },
                "type": "binary-expr",
                "locations": [
                    {
                        "start": { "line": 27, "column": 12 },
                        "end": { "line": 27, "column": 21 }
                    },
                    {
                        "start": { "line": 27, "column": 25 },
                        "end": { "line": 27, "column": 36 }
                    },
                    {
                        "start": { "line": 27, "column": 40 },
                        "end": { "line": 27, "column": 50 }
                    },
                    {
                        "start": { "line": 27, "column": 54 },
                        "end": { "line": 27, "column": 60 }
                    },
                    {
                        "start": { "line": 27, "column": 64 },
                        "end": { "line": 27, "column": 73 }
                    }
                ]
            },
            "2": {
                "loc": {
                    "start": { "line": 30, "column": 8 },
                    "end": { "line": 32, "column": null }
                },
                "type": "if",
                "locations": [
                    {
                        "start": { "line": 30, "column": 8 },
                        "end": { "line": 32, "column": null }
                    }
                ]
            },
            "3": {
                "loc": {
                    "start": { "line": 33, "column": 8 },
                    "end": { "line": 35, "column": null }
                },
                "type": "if",
                "locations": [
                    {
                        "start": { "line": 33, "column": 8 },
                        "end": { "line": 35, "column": null }
                    }
                ]
            },
            "4": {
                "loc": {
                    "start": { "line": 59, "column": 12 },
                    "end": { "line": 65, "column": null }
                },
                "type": "if",
                "locations": [
                    {
                        "start": { "line": 59, "column": 12 },
                        "end": { "line": 65, "column": null }
                    },
                    {
                        "start": { "line": 61, "column": 19 },
                        "end": { "line": 65, "column": null }
                    }
                ]
            },
            "5": {
                "loc": {
                    "start": { "line": 61, "column": 19 },
                    "end": { "line": 65, "column": null }
                },
                "type": "if",
                "locations": [
                    {
                        "start": { "line": 61, "column": 19 },
                        "end": { "line": 65, "column": null }
                    },
                    {
                        "start": { "line": 63, "column": 19 },
                        "end": { "line": 65, "column": null }
                    }
                ]
            },
            "6": {
                "loc": {
                    "start": { "line": 77, "column": 8 },
                    "end": { "line": 79, "column": null }
                },
                "type": "if",
                "locations": [
                    {
                        "start": { "line": 77, "column": 8 },
                        "end": { "line": 79, "column": null }
                    }
                ]
            },
            "7": {
                "loc": {
                    "start": { "line": 83, "column": 8 },
                    "end": { "line": 85, "column": null }
                },
                "type": "if",
                "locations": [
                    {
                        "start": { "line": 83, "column": 8 },
                        "end": { "line": 85, "column": null }
                    }
                ]
            },
            "8": {
                "loc": {
                    "start": { "line": 103, "column": 8 },
                    "end": { "line": 105, "column": null }
                },
                "type": "if",
                "locations": [
                    {
                        "start": { "line": 103, "column": 8 },
                        "end": { "line": 105, "column": null }
                    }
                ]
            },
            "9": {
                "loc": {
                    "start": { "line": 113, "column": 8 },
                    "end": { "line": 114, "column": 75 }
                },
                "type": "if",
                "locations": [
                    {
                        "start": { "line": 113, "column": 8 },
                        "end": { "line": 114, "column": 75 }
                    }
                ]
            },
            "10": {
                "loc": {
                    "start": { "line": 130, "column": 12 },
                    "end": { "line": 130, "column": 33 }
                },
                "type": "if",
                "locations": [
                    {
                        "start": { "line": 130, "column": 12 },
                        "end": { "line": 130, "column": 33 }
                    }
                ]
            }
        },
        "s": {
            "0": 2,
            "1": 2,
            "2": 2,
            "3": 2,
            "4": 2,
            "5": 2,
            "6": 5,
            "7": 1,
            "8": 4,
            "9": 1,
            "10": 3,
            "11": 1,
            "12": 2,
            "13": 2,
            "14": 2,
            "15": 2,
            "16": 2,
            "17": 2,
            "18": 2,
            "19": 0,
            "20": 0,
            "21": 0,
            "22": 0,
            "23": 0,
            "24": 13,
            "25": 13,
            "26": 1,
            "27": 12,
            "28": 12,
            "29": 1,
            "30": 11,
            "31": 11,
            "32": 2,
            "33": 2,
            "34": 1,
            "35": 1,
            "36": 2,
            "37": 1,
            "38": 1,
            "39": 1,
            "40": 2,
            "41": 2,
            "42": 2,
            "43": 2,
            "44": 2,
            "45": 2,
            "46": 2,
            "47": 2,
            "48": 2,
            "49": 2,
            "50": 2,
            "51": 0,
            "52": 2
        },
        "f": {
            "0": 5,
            "1": 13,
            "2": 2,
            "3": 2,
            "4": 2,
            "5": 2,
            "6": 2,
            "7": 2
        },
        "b": {
            "0": [1],
            "1": [5, 4, 4, 4, 4],
            "2": [1],
            "3": [1],
            "4": [0, 0],
            "5": [0, 0],
            "6": [1],
            "7": [1],
            "8": [1],
            "9": [1],
            "10": [0]
        }
    },
    "C:\\Users\\lucab\\OneDrive\\Desktop\\jibJab\\JibJab\\backend\\models\\Message.ts": {
        "path": "C:\\Users\\lucab\\OneDrive\\Desktop\\jibJab\\JibJab\\backend\\models\\Message.ts",
        "statementMap": {
            "0": {
                "start": { "line": 1, "column": 0 },
                "end": { "line": 1, "column": 41 }
            },
            "1": {
                "start": { "line": 16, "column": 30 },
                "end": { "line": 39, "column": 2 }
            },
            "2": {
                "start": { "line": 40, "column": 0 },
                "end": { "line": 40, "column": 46 }
            },
            "3": {
                "start": { "line": 42, "column": 0 },
                "end": { "line": 42, "column": 57 }
            }
        },
        "fnMap": {},
        "branchMap": {},
        "s": { "0": 1, "1": 1, "2": 1, "3": 1 },
        "f": {},
        "b": {}
    },
    "C:\\Users\\lucab\\OneDrive\\Desktop\\jibJab\\JibJab\\backend\\models\\User.ts": {
        "path": "C:\\Users\\lucab\\OneDrive\\Desktop\\jibJab\\JibJab\\backend\\models\\User.ts",
        "statementMap": {
            "0": {
                "start": { "line": 1, "column": 0 },
                "end": { "line": 1, "column": 41 }
            },
            "1": {
                "start": { "line": 2, "column": 24 },
                "end": { "line": 2, "column": 60 }
            },
            "2": {
                "start": { "line": 15, "column": 27 },
                "end": { "line": 36, "column": 2 }
            },
            "3": {
                "start": { "line": 38, "column": 0 },
                "end": { "line": 40, "column": 3 }
            },
            "4": {
                "start": { "line": 42, "column": 0 },
                "end": { "line": 42, "column": 48 }
            }
        },
        "fnMap": {},
        "branchMap": {},
        "s": { "0": 2, "1": 2, "2": 2, "3": 2, "4": 2 },
        "f": {},
        "b": {}
    },
    "C:\\Users\\lucab\\OneDrive\\Desktop\\jibJab\\JibJab\\backend\\utils\\returns.ts": {
        "path": "C:\\Users\\lucab\\OneDrive\\Desktop\\jibJab\\JibJab\\backend\\utils\\returns.ts",
        "statementMap": {
            "0": {
                "start": { "line": 1, "column": 30 },
                "end": { "line": 7, "column": 1 }
            },
            "1": {
                "start": { "line": 2, "column": 4 },
                "end": { "line": 6, "column": 6 }
            },
            "2": {
                "start": { "line": 1, "column": 13 },
                "end": { "line": 1, "column": 30 }
            },
            "3": {
                "start": { "line": 9, "column": 28 },
                "end": { "line": 15, "column": 1 }
            },
            "4": {
                "start": { "line": 10, "column": 4 },
                "end": { "line": 14, "column": 6 }
            },
            "5": {
                "start": { "line": 9, "column": 13 },
                "end": { "line": 9, "column": 28 }
            }
        },
        "fnMap": {
            "0": {
                "name": "(anonymous_0)",
                "decl": {
                    "start": { "line": 1, "column": 30 },
                    "end": { "line": 1, "column": 31 }
                },
                "loc": {
                    "start": { "line": 1, "column": 53 },
                    "end": { "line": 7, "column": 1 }
                }
            },
            "1": {
                "name": "(anonymous_1)",
                "decl": {
                    "start": { "line": 9, "column": 28 },
                    "end": { "line": 9, "column": 29 }
                },
                "loc": {
                    "start": { "line": 9, "column": 48 },
                    "end": { "line": 15, "column": 1 }
                }
            }
        },
        "branchMap": {},
        "s": { "0": 2, "1": 18, "2": 2, "3": 2, "4": 10, "5": 2 },
        "f": { "0": 18, "1": 10 },
        "b": {}
    },
    "C:\\Users\\lucab\\OneDrive\\Desktop\\jibJab\\JibJab\\backend\\utils\\userChecker.ts": {
        "path": "C:\\Users\\lucab\\OneDrive\\Desktop\\jibJab\\JibJab\\backend\\utils\\userChecker.ts",
        "statementMap": {
            "0": {
                "start": { "line": 2, "column": 0 },
                "end": { "line": 2, "column": 50 }
            },
            "1": {
                "start": { "line": 3, "column": 0 },
                "end": { "line": 3, "column": 34 }
            },
            "2": {
                "start": { "line": 4, "column": 0 },
                "end": { "line": 4, "column": 23 }
            },
            "3": {
                "start": { "line": 5, "column": 0 },
                "end": { "line": 5, "column": 41 }
            },
            "4": {
                "start": { "line": 7, "column": 27 },
                "end": { "line": 26, "column": 2 }
            },
            "5": {
                "start": { "line": 7, "column": 52 },
                "end": { "line": 26, "column": 2 }
            },
            "6": {
                "start": { "line": 8, "column": 24 },
                "end": { "line": 8, "column": 61 }
            },
            "7": {
                "start": { "line": 10, "column": 4 },
                "end": { "line": 25, "column": null }
            },
            "8": {
                "start": { "line": 11, "column": 25 },
                "end": { "line": 13, "column": null }
            },
            "9": {
                "start": { "line": 15, "column": 25 },
                "end": { "line": 15, "column": 44 }
            },
            "10": {
                "start": { "line": 17, "column": 21 },
                "end": { "line": 17, "column": 70 }
            },
            "11": {
                "start": { "line": 18, "column": 8 },
                "end": { "line": 20, "column": null }
            },
            "12": {
                "start": { "line": 19, "column": 12 },
                "end": { "line": 19, "column": 53 }
            },
            "13": {
                "start": { "line": 22, "column": 8 },
                "end": { "line": 22, "column": 20 }
            },
            "14": {
                "start": { "line": 24, "column": 8 },
                "end": { "line": 24, "column": 49 }
            },
            "15": {
                "start": { "line": 7, "column": 13 },
                "end": { "line": 7, "column": 27 }
            }
        },
        "fnMap": {
            "0": {
                "name": "(anonymous_8)",
                "decl": {
                    "start": { "line": 7, "column": 27 },
                    "end": { "line": 7, "column": 34 }
                },
                "loc": {
                    "start": { "line": 7, "column": 52 },
                    "end": { "line": 26, "column": 2 }
                }
            },
            "1": {
                "name": "(anonymous_9)",
                "decl": {
                    "start": { "line": 7, "column": 52 },
                    "end": { "line": 7, "column": null }
                },
                "loc": {
                    "start": { "line": 7, "column": 52 },
                    "end": { "line": 26, "column": 1 }
                }
            }
        },
        "branchMap": {
            "0": {
                "loc": {
                    "start": { "line": 18, "column": 8 },
                    "end": { "line": 20, "column": null }
                },
                "type": "if",
                "locations": [
                    {
                        "start": { "line": 18, "column": 8 },
                        "end": { "line": 20, "column": null }
                    }
                ]
            }
        },
        "s": {
            "0": 2,
            "1": 2,
            "2": 2,
            "3": 2,
            "4": 2,
            "5": 10,
            "6": 10,
            "7": 10,
            "8": 10,
            "9": 10,
            "10": 10,
            "11": 10,
            "12": 0,
            "13": 10,
            "14": 0,
            "15": 2
        },
        "f": { "0": 10, "1": 10 },
        "b": { "0": [0] }
    }
}
