{
    "C:\\Users\\lucab\\OneDrive\\Desktop\\jibJab\\JibJab\\backend\\controllers\\MessageController.ts": {
        "path": "C:\\Users\\lucab\\OneDrive\\Desktop\\jibJab\\JibJab\\backend\\controllers\\MessageController.ts",
        "statementMap": {
            "0": {
                "start": { "line": 1, "column": 0 },
                "end": { "line": 1, "column": null }
            },
            "1": {
                "start": { "line": 10, "column": 0 },
                "end": { "line": 10, "column": 54 }
            },
            "2": {
                "start": { "line": 11, "column": 0 },
                "end": { "line": 11, "column": 64 }
            },
            "3": {
                "start": { "line": 12, "column": 0 },
                "end": { "line": 12, "column": 23 }
            },
            "4": {
                "start": { "line": 13, "column": 0 },
                "end": { "line": 13, "column": 50 }
            },
            "5": {
                "start": { "line": 17, "column": 7 },
                "end": { "line": 205, "column": null }
            },
            "6": {
                "start": { "line": 26, "column": 8 },
                "end": { "line": 28, "column": null }
            },
            "7": {
                "start": { "line": 27, "column": 12 },
                "end": { "line": 27, "column": 61 }
            },
            "8": {
                "start": { "line": 29, "column": 8 },
                "end": { "line": 31, "column": null }
            },
            "9": {
                "start": { "line": 30, "column": 12 },
                "end": { "line": 30, "column": 73 }
            },
            "10": {
                "start": { "line": 33, "column": 38 },
                "end": { "line": 43, "column": 10 }
            },
            "11": {
                "start": { "line": 45, "column": 18 },
                "end": { "line": 45, "column": 42 }
            },
            "12": {
                "start": { "line": 46, "column": 8 },
                "end": { "line": 68, "column": null }
            },
            "13": {
                "start": { "line": 47, "column": 12 },
                "end": { "line": 47, "column": 27 }
            },
            "14": {
                "start": { "line": 48, "column": 12 },
                "end": { "line": 59, "column": 15 }
            },
            "15": {
                "start": { "line": 61, "column": 12 },
                "end": { "line": 67, "column": null }
            },
            "16": {
                "start": { "line": 62, "column": 16 },
                "end": { "line": 62, "column": 40 }
            },
            "17": {
                "start": { "line": 63, "column": 19 },
                "end": { "line": 67, "column": null }
            },
            "18": {
                "start": { "line": 64, "column": 16 },
                "end": { "line": 64, "column": 48 }
            },
            "19": {
                "start": { "line": 66, "column": 16 },
                "end": { "line": 66, "column": 52 }
            },
            "20": {
                "start": { "line": 79, "column": 8 },
                "end": { "line": 84, "column": 61 }
            },
            "21": {
                "start": { "line": 84, "column": 12 },
                "end": { "line": 84, "column": 61 }
            },
            "22": {
                "start": { "line": 86, "column": 35 },
                "end": { "line": 89, "column": 16 }
            },
            "23": {
                "start": { "line": 90, "column": 8 },
                "end": { "line": 90, "column": 68 }
            },
            "24": {
                "start": { "line": 90, "column": 28 },
                "end": { "line": 90, "column": 68 }
            },
            "25": {
                "start": { "line": 92, "column": 8 },
                "end": { "line": 113, "column": null }
            },
            "26": {
                "start": { "line": 93, "column": 12 },
                "end": { "line": 99, "column": 57 }
            },
            "27": {
                "start": { "line": 96, "column": 16 },
                "end": { "line": 96, "column": 75 }
            },
            "28": {
                "start": { "line": 97, "column": 16 },
                "end": { "line": 98, "column": 74 }
            },
            "29": {
                "start": { "line": 99, "column": 19 },
                "end": { "line": 99, "column": 57 }
            },
            "30": {
                "start": { "line": 102, "column": 12 },
                "end": { "line": 112, "column": 78 }
            },
            "31": {
                "start": { "line": 105, "column": 28 },
                "end": { "line": 106, "column": null }
            },
            "32": {
                "start": { "line": 108, "column": 16 },
                "end": { "line": 108, "column": 70 }
            },
            "33": {
                "start": { "line": 109, "column": 16 },
                "end": { "line": 110, "column": 74 }
            },
            "34": {
                "start": { "line": 112, "column": 16 },
                "end": { "line": 112, "column": 78 }
            },
            "35": {
                "start": { "line": 115, "column": 8 },
                "end": { "line": 129, "column": null }
            },
            "36": {
                "start": { "line": 116, "column": 12 },
                "end": { "line": 119, "column": 15 }
            },
            "37": {
                "start": { "line": 120, "column": 12 },
                "end": { "line": 120, "column": 36 }
            },
            "38": {
                "start": { "line": 122, "column": 12 },
                "end": { "line": 128, "column": null }
            },
            "39": {
                "start": { "line": 123, "column": 16 },
                "end": { "line": 123, "column": 40 }
            },
            "40": {
                "start": { "line": 124, "column": 19 },
                "end": { "line": 128, "column": null }
            },
            "41": {
                "start": { "line": 125, "column": 16 },
                "end": { "line": 125, "column": 48 }
            },
            "42": {
                "start": { "line": 127, "column": 16 },
                "end": { "line": 127, "column": 52 }
            },
            "43": {
                "start": { "line": 140, "column": 8 },
                "end": { "line": 141, "column": 61 }
            },
            "44": {
                "start": { "line": 141, "column": 12 },
                "end": { "line": 141, "column": 61 }
            },
            "45": {
                "start": { "line": 143, "column": 30 },
                "end": { "line": 162, "column": 14 }
            },
            "46": {
                "start": { "line": 164, "column": 8 },
                "end": { "line": 166, "column": null }
            },
            "47": {
                "start": { "line": 165, "column": 12 },
                "end": { "line": 165, "column": 52 }
            },
            "48": {
                "start": { "line": 168, "column": 8 },
                "end": { "line": 179, "column": null }
            },
            "49": {
                "start": { "line": 168, "column": 21 },
                "end": { "line": 168, "column": 22 }
            },
            "50": {
                "start": { "line": 169, "column": 23 },
                "end": { "line": 169, "column": 38 }
            },
            "51": {
                "start": { "line": 170, "column": 12 },
                "end": { "line": 176, "column": null }
            },
            "52": {
                "start": { "line": 170, "column": 25 },
                "end": { "line": 170, "column": 26 }
            },
            "53": {
                "start": { "line": 171, "column": 16 },
                "end": { "line": 175, "column": null }
            },
            "54": {
                "start": { "line": 172, "column": 20 },
                "end": { "line": 172, "column": 36 }
            },
            "55": {
                "start": { "line": 174, "column": 20 },
                "end": { "line": 174, "column": 37 }
            },
            "56": {
                "start": { "line": 178, "column": 12 },
                "end": { "line": 178, "column": 41 }
            },
            "57": {
                "start": { "line": 181, "column": 8 },
                "end": { "line": 181, "column": 40 }
            },
            "58": {
                "start": { "line": 187, "column": 8 },
                "end": { "line": 187, "column": 66 }
            },
            "59": {
                "start": { "line": 187, "column": 17 },
                "end": { "line": 187, "column": 66 }
            },
            "60": {
                "start": { "line": 189, "column": 24 },
                "end": { "line": 195, "column": 10 }
            },
            "61": {
                "start": { "line": 196, "column": 8 },
                "end": { "line": 196, "column": 66 }
            },
            "62": {
                "start": { "line": 196, "column": 22 },
                "end": { "line": 196, "column": 66 }
            },
            "63": {
                "start": { "line": 197, "column": 8 },
                "end": { "line": 198, "column": 72 }
            },
            "64": {
                "start": { "line": 198, "column": 12 },
                "end": { "line": 198, "column": 72 }
            },
            "65": {
                "start": { "line": 200, "column": 20 },
                "end": { "line": 200, "column": 55 }
            },
            "66": {
                "start": { "line": 202, "column": 8 },
                "end": { "line": 203, "column": 69 }
            },
            "67": {
                "start": { "line": 202, "column": 17 },
                "end": { "line": 202, "column": 41 }
            },
            "68": {
                "start": { "line": 203, "column": 13 },
                "end": { "line": 203, "column": 69 }
            },
            "69": {
                "start": { "line": 20, "column": 10 },
                "end": { "line": 69, "column": null }
            },
            "70": {
                "start": { "line": 73, "column": 10 },
                "end": { "line": 130, "column": null }
            },
            "71": {
                "start": { "line": 134, "column": 10 },
                "end": { "line": 182, "column": null }
            },
            "72": {
                "start": { "line": 186, "column": 10 },
                "end": { "line": 204, "column": null }
            },
            "73": {
                "start": { "line": 17, "column": 13 },
                "end": { "line": 205, "column": null }
            },
            "74": {
                "start": { "line": 17, "column": 13 },
                "end": { "line": 17, "column": 30 }
            }
        },
        "fnMap": {
            "0": {
                "name": "(anonymous_11)",
                "decl": {
                    "start": { "line": 20, "column": 10 },
                    "end": { "line": 20, "column": 16 }
                },
                "loc": {
                    "start": { "line": 24, "column": 32 },
                    "end": { "line": 69, "column": null }
                }
            },
            "1": {
                "name": "(anonymous_13)",
                "decl": {
                    "start": { "line": 73, "column": 10 },
                    "end": { "line": 73, "column": 15 }
                },
                "loc": {
                    "start": { "line": 77, "column": 50 },
                    "end": { "line": 130, "column": null }
                }
            },
            "2": {
                "name": "(anonymous_15)",
                "decl": {
                    "start": { "line": 134, "column": 10 },
                    "end": { "line": 134, "column": 13 }
                },
                "loc": {
                    "start": { "line": 138, "column": 47 },
                    "end": { "line": 182, "column": null }
                }
            },
            "3": {
                "name": "(anonymous_17)",
                "decl": {
                    "start": { "line": 186, "column": 10 },
                    "end": { "line": 186, "column": 16 }
                },
                "loc": {
                    "start": { "line": 186, "column": 66 },
                    "end": { "line": 204, "column": null }
                }
            }
        },
        "branchMap": {
            "0": {
                "loc": {
                    "start": { "line": 26, "column": 8 },
                    "end": { "line": 28, "column": null }
                },
                "type": "if",
                "locations": [
                    {
                        "start": { "line": 26, "column": 8 },
                        "end": { "line": 28, "column": null }
                    }
                ]
            },
            "1": {
                "loc": {
                    "start": { "line": 26, "column": 12 },
                    "end": { "line": 26, "column": 47 }
                },
                "type": "binary-expr",
                "locations": [
                    {
                        "start": { "line": 26, "column": 12 },
                        "end": { "line": 26, "column": 20 }
                    },
                    {
                        "start": { "line": 26, "column": 24 },
                        "end": { "line": 26, "column": 33 }
                    },
                    {
                        "start": { "line": 26, "column": 37 },
                        "end": { "line": 26, "column": 47 }
                    }
                ]
            },
            "2": {
                "loc": {
                    "start": { "line": 29, "column": 8 },
                    "end": { "line": 31, "column": null }
                },
                "type": "if",
                "locations": [
                    {
                        "start": { "line": 29, "column": 8 },
                        "end": { "line": 31, "column": null }
                    }
                ]
            },
            "3": {
                "loc": {
                    "start": { "line": 61, "column": 12 },
                    "end": { "line": 67, "column": null }
                },
                "type": "if",
                "locations": [
                    {
                        "start": { "line": 61, "column": 12 },
                        "end": { "line": 67, "column": null }
                    },
                    {
                        "start": { "line": 63, "column": 19 },
                        "end": { "line": 67, "column": null }
                    }
                ]
            },
            "4": {
                "loc": {
                    "start": { "line": 63, "column": 19 },
                    "end": { "line": 67, "column": null }
                },
                "type": "if",
                "locations": [
                    {
                        "start": { "line": 63, "column": 19 },
                        "end": { "line": 67, "column": null }
                    },
                    {
                        "start": { "line": 65, "column": 19 },
                        "end": { "line": 67, "column": null }
                    }
                ]
            },
            "5": {
                "loc": {
                    "start": { "line": 79, "column": 8 },
                    "end": { "line": 84, "column": 61 }
                },
                "type": "if",
                "locations": [
                    {
                        "start": { "line": 79, "column": 8 },
                        "end": { "line": 84, "column": 61 }
                    }
                ]
            },
            "6": {
                "loc": {
                    "start": { "line": 80, "column": 12 },
                    "end": { "line": 82, "column": 35 }
                },
                "type": "binary-expr",
                "locations": [
                    {
                        "start": { "line": 80, "column": 12 },
                        "end": { "line": 80, "column": 22 }
                    },
                    {
                        "start": { "line": 81, "column": 12 },
                        "end": { "line": 81, "column": 39 }
                    },
                    {
                        "start": { "line": 82, "column": 12 },
                        "end": { "line": 82, "column": 35 }
                    }
                ]
            },
            "7": {
                "loc": {
                    "start": { "line": 90, "column": 8 },
                    "end": { "line": 90, "column": 68 }
                },
                "type": "if",
                "locations": [
                    {
                        "start": { "line": 90, "column": 8 },
                        "end": { "line": 90, "column": 68 }
                    }
                ]
            },
            "8": {
                "loc": {
                    "start": { "line": 92, "column": 8 },
                    "end": { "line": 113, "column": null }
                },
                "type": "if",
                "locations": [
                    {
                        "start": { "line": 92, "column": 8 },
                        "end": { "line": 113, "column": null }
                    },
                    {
                        "start": { "line": 100, "column": 15 },
                        "end": { "line": 113, "column": null }
                    }
                ]
            },
            "9": {
                "loc": {
                    "start": { "line": 93, "column": 12 },
                    "end": { "line": 99, "column": 57 }
                },
                "type": "if",
                "locations": [
                    {
                        "start": { "line": 93, "column": 12 },
                        "end": { "line": 99, "column": 57 }
                    },
                    {
                        "start": { "line": 99, "column": 19 },
                        "end": { "line": 99, "column": 57 }
                    }
                ]
            },
            "10": {
                "loc": {
                    "start": { "line": 102, "column": 12 },
                    "end": { "line": 112, "column": 78 }
                },
                "type": "if",
                "locations": [
                    {
                        "start": { "line": 102, "column": 12 },
                        "end": { "line": 112, "column": 78 }
                    },
                    {
                        "start": { "line": 112, "column": 16 },
                        "end": { "line": 112, "column": 78 }
                    }
                ]
            },
            "11": {
                "loc": {
                    "start": { "line": 122, "column": 12 },
                    "end": { "line": 128, "column": null }
                },
                "type": "if",
                "locations": [
                    {
                        "start": { "line": 122, "column": 12 },
                        "end": { "line": 128, "column": null }
                    },
                    {
                        "start": { "line": 124, "column": 19 },
                        "end": { "line": 128, "column": null }
                    }
                ]
            },
            "12": {
                "loc": {
                    "start": { "line": 124, "column": 19 },
                    "end": { "line": 128, "column": null }
                },
                "type": "if",
                "locations": [
                    {
                        "start": { "line": 124, "column": 19 },
                        "end": { "line": 128, "column": null }
                    },
                    {
                        "start": { "line": 126, "column": 19 },
                        "end": { "line": 128, "column": null }
                    }
                ]
            },
            "13": {
                "loc": {
                    "start": { "line": 140, "column": 8 },
                    "end": { "line": 141, "column": 61 }
                },
                "type": "if",
                "locations": [
                    {
                        "start": { "line": 140, "column": 8 },
                        "end": { "line": 141, "column": 61 }
                    }
                ]
            },
            "14": {
                "loc": {
                    "start": { "line": 140, "column": 12 },
                    "end": { "line": 140, "column": 48 }
                },
                "type": "binary-expr",
                "locations": [
                    {
                        "start": { "line": 140, "column": 12 },
                        "end": { "line": 140, "column": 21 }
                    },
                    {
                        "start": { "line": 140, "column": 25 },
                        "end": { "line": 140, "column": 35 }
                    },
                    {
                        "start": { "line": 140, "column": 39 },
                        "end": { "line": 140, "column": 48 }
                    }
                ]
            },
            "15": {
                "loc": {
                    "start": { "line": 164, "column": 8 },
                    "end": { "line": 166, "column": null }
                },
                "type": "if",
                "locations": [
                    {
                        "start": { "line": 164, "column": 8 },
                        "end": { "line": 166, "column": null }
                    }
                ]
            },
            "16": {
                "loc": {
                    "start": { "line": 164, "column": 12 },
                    "end": { "line": 164, "column": 41 }
                },
                "type": "binary-expr",
                "locations": [
                    {
                        "start": { "line": 164, "column": 12 },
                        "end": { "line": 164, "column": 21 }
                    },
                    {
                        "start": { "line": 164, "column": 25 },
                        "end": { "line": 164, "column": 41 }
                    }
                ]
            },
            "17": {
                "loc": {
                    "start": { "line": 171, "column": 16 },
                    "end": { "line": 175, "column": null }
                },
                "type": "if",
                "locations": [
                    {
                        "start": { "line": 171, "column": 16 },
                        "end": { "line": 175, "column": null }
                    },
                    {
                        "start": { "line": 173, "column": 23 },
                        "end": { "line": 175, "column": null }
                    }
                ]
            },
            "18": {
                "loc": {
                    "start": { "line": 187, "column": 8 },
                    "end": { "line": 187, "column": 66 }
                },
                "type": "if",
                "locations": [
                    {
                        "start": { "line": 187, "column": 8 },
                        "end": { "line": 187, "column": 66 }
                    }
                ]
            },
            "19": {
                "loc": {
                    "start": { "line": 196, "column": 8 },
                    "end": { "line": 196, "column": 66 }
                },
                "type": "if",
                "locations": [
                    {
                        "start": { "line": 196, "column": 8 },
                        "end": { "line": 196, "column": 66 }
                    }
                ]
            },
            "20": {
                "loc": {
                    "start": { "line": 197, "column": 8 },
                    "end": { "line": 198, "column": 72 }
                },
                "type": "if",
                "locations": [
                    {
                        "start": { "line": 197, "column": 8 },
                        "end": { "line": 198, "column": 72 }
                    }
                ]
            },
            "21": {
                "loc": {
                    "start": { "line": 202, "column": 8 },
                    "end": { "line": 203, "column": 69 }
                },
                "type": "if",
                "locations": [
                    {
                        "start": { "line": 202, "column": 8 },
                        "end": { "line": 203, "column": 69 }
                    },
                    {
                        "start": { "line": 203, "column": 13 },
                        "end": { "line": 203, "column": 69 }
                    }
                ]
            }
        },
        "s": {
            "0": 2,
            "1": 2,
            "2": 2,
            "3": 2,
            "4": 2,
            "5": 2,
            "6": 9,
            "7": 1,
            "8": 8,
            "9": 1,
            "10": 7,
            "11": 7,
            "12": 7,
            "13": 7,
            "14": 7,
            "15": 0,
            "16": 0,
            "17": 0,
            "18": 0,
            "19": 0,
            "20": 6,
            "21": 1,
            "22": 5,
            "23": 5,
            "24": 0,
            "25": 5,
            "26": 3,
            "27": 2,
            "28": 2,
            "29": 1,
            "30": 2,
            "31": 1,
            "32": 1,
            "33": 1,
            "34": 1,
            "35": 3,
            "36": 3,
            "37": 3,
            "38": 0,
            "39": 0,
            "40": 0,
            "41": 0,
            "42": 0,
            "43": 3,
            "44": 1,
            "45": 2,
            "46": 2,
            "47": 1,
            "48": 1,
            "49": 1,
            "50": 2,
            "51": 2,
            "52": 2,
            "53": 16,
            "54": 1,
            "55": 15,
            "56": 2,
            "57": 1,
            "58": 2,
            "59": 0,
            "60": 2,
            "61": 2,
            "62": 0,
            "63": 2,
            "64": 1,
            "65": 1,
            "66": 1,
            "67": 1,
            "68": 0,
            "69": 2,
            "70": 2,
            "71": 2,
            "72": 2,
            "73": 2,
            "74": 2
        },
        "f": { "0": 9, "1": 6, "2": 3, "3": 2 },
        "b": {
            "0": [1],
            "1": [9, 8, 8],
            "2": [1],
            "3": [0, 0],
            "4": [0, 0],
            "5": [1],
            "6": [6, 5, 5],
            "7": [0],
            "8": [3, 2],
            "9": [2, 1],
            "10": [1, 1],
            "11": [0, 0],
            "12": [0, 0],
            "13": [1],
            "14": [3, 3, 3],
            "15": [1],
            "16": [2, 2],
            "17": [1, 15],
            "18": [0],
            "19": [0],
            "20": [1],
            "21": [1, 0]
        }
    },
    "C:\\Users\\lucab\\OneDrive\\Desktop\\jibJab\\JibJab\\backend\\controllers\\UserController.ts": {
        "path": "C:\\Users\\lucab\\OneDrive\\Desktop\\jibJab\\JibJab\\backend\\controllers\\UserController.ts",
        "statementMap": {
            "0": {
                "start": { "line": 1, "column": 0 },
                "end": { "line": 1, "column": null }
            },
            "1": {
                "start": { "line": 11, "column": 0 },
                "end": { "line": 11, "column": 45 }
            },
            "2": {
                "start": { "line": 12, "column": 0 },
                "end": { "line": 12, "column": 64 }
            },
            "3": {
                "start": { "line": 13, "column": 0 },
                "end": { "line": 13, "column": 36 }
            },
            "4": {
                "start": { "line": 14, "column": 0 },
                "end": { "line": 14, "column": 28 }
            },
            "5": {
                "start": { "line": 15, "column": 0 },
                "end": { "line": 15, "column": 40 }
            },
            "6": {
                "start": { "line": 18, "column": 7 },
                "end": { "line": 157, "column": null }
            },
            "7": {
                "start": { "line": 28, "column": 8 },
                "end": { "line": 30, "column": null }
            },
            "8": {
                "start": { "line": 29, "column": 12 },
                "end": { "line": 29, "column": 61 }
            },
            "9": {
                "start": { "line": 31, "column": 8 },
                "end": { "line": 33, "column": null }
            },
            "10": {
                "start": { "line": 32, "column": 12 },
                "end": { "line": 32, "column": 76 }
            },
            "11": {
                "start": { "line": 34, "column": 8 },
                "end": { "line": 36, "column": null }
            },
            "12": {
                "start": { "line": 35, "column": 12 },
                "end": { "line": 35, "column": 76 }
            },
            "13": {
                "start": { "line": 38, "column": 21 },
                "end": { "line": 38, "column": 49 }
            },
            "14": {
                "start": { "line": 39, "column": 22 },
                "end": { "line": 41, "column": null }
            },
            "15": {
                "start": { "line": 43, "column": 32 },
                "end": { "line": 51, "column": 10 }
            },
            "16": {
                "start": { "line": 53, "column": 18 },
                "end": { "line": 53, "column": 36 }
            },
            "17": {
                "start": { "line": 54, "column": 8 },
                "end": { "line": 67, "column": null }
            },
            "18": {
                "start": { "line": 55, "column": 12 },
                "end": { "line": 55, "column": 27 }
            },
            "19": {
                "start": { "line": 56, "column": 12 },
                "end": { "line": 58, "column": 15 }
            },
            "20": {
                "start": { "line": 60, "column": 12 },
                "end": { "line": 66, "column": null }
            },
            "21": {
                "start": { "line": 61, "column": 16 },
                "end": { "line": 61, "column": 40 }
            },
            "22": {
                "start": { "line": 62, "column": 19 },
                "end": { "line": 66, "column": null }
            },
            "23": {
                "start": { "line": 63, "column": 16 },
                "end": { "line": 63, "column": 48 }
            },
            "24": {
                "start": { "line": 65, "column": 16 },
                "end": { "line": 65, "column": 52 }
            },
            "25": {
                "start": { "line": 77, "column": 21 },
                "end": { "line": 77, "column": 64 }
            },
            "26": {
                "start": { "line": 78, "column": 8 },
                "end": { "line": 80, "column": null }
            },
            "27": {
                "start": { "line": 79, "column": 12 },
                "end": { "line": 79, "column": 65 }
            },
            "28": {
                "start": { "line": 83, "column": 23 },
                "end": { "line": 83, "column": 68 }
            },
            "29": {
                "start": { "line": 84, "column": 8 },
                "end": { "line": 86, "column": null }
            },
            "30": {
                "start": { "line": 85, "column": 12 },
                "end": { "line": 85, "column": 65 }
            },
            "31": {
                "start": { "line": 89, "column": 22 },
                "end": { "line": 91, "column": null }
            },
            "32": {
                "start": { "line": 93, "column": 8 },
                "end": { "line": 93, "column": 55 }
            },
            "33": {
                "start": { "line": 99, "column": 21 },
                "end": { "line": 103, "column": 63 }
            },
            "34": {
                "start": { "line": 104, "column": 8 },
                "end": { "line": 106, "column": null }
            },
            "35": {
                "start": { "line": 105, "column": 12 },
                "end": { "line": 105, "column": 54 }
            },
            "36": {
                "start": { "line": 108, "column": 8 },
                "end": { "line": 108, "column": 36 }
            },
            "37": {
                "start": { "line": 114, "column": 8 },
                "end": { "line": 115, "column": 75 }
            },
            "38": {
                "start": { "line": 115, "column": 12 },
                "end": { "line": 115, "column": 75 }
            },
            "39": {
                "start": { "line": 117, "column": 8 },
                "end": { "line": 122, "column": 10 }
            },
            "40": {
                "start": { "line": 124, "column": 8 },
                "end": { "line": 124, "column": 32 }
            },
            "41": {
                "start": { "line": 133, "column": 21 },
                "end": { "line": 137, "column": 63 }
            },
            "42": {
                "start": { "line": 138, "column": 8 },
                "end": { "line": 140, "column": null }
            },
            "43": {
                "start": { "line": 139, "column": 12 },
                "end": { "line": 139, "column": 54 }
            },
            "44": {
                "start": { "line": 142, "column": 25 },
                "end": { "line": 153, "column": 14 }
            },
            "45": {
                "start": { "line": 155, "column": 8 },
                "end": { "line": 155, "column": 40 }
            },
            "46": {
                "start": { "line": 21, "column": 10 },
                "end": { "line": 68, "column": null }
            },
            "47": {
                "start": { "line": 72, "column": 10 },
                "end": { "line": 94, "column": null }
            },
            "48": {
                "start": { "line": 98, "column": 10 },
                "end": { "line": 109, "column": null }
            },
            "49": {
                "start": { "line": 113, "column": 10 },
                "end": { "line": 125, "column": null }
            },
            "50": {
                "start": { "line": 129, "column": 10 },
                "end": { "line": 156, "column": null }
            },
            "51": {
                "start": { "line": 18, "column": 13 },
                "end": { "line": 157, "column": null }
            },
            "52": {
                "start": { "line": 18, "column": 13 },
                "end": { "line": 18, "column": 27 }
            },
            "53": {
                "start": { "line": 159, "column": 21 },
                "end": { "line": 166, "column": 1 }
            },
            "54": {
                "start": { "line": 160, "column": 4 },
                "end": { "line": 165, "column": 7 }
            },
            "55": {
                "start": { "line": 161, "column": 8 },
                "end": { "line": 164, "column": 11 }
            },
            "56": {
                "start": { "line": 161, "column": 64 },
                "end": { "line": 164, "column": 10 }
            },
            "57": {
                "start": { "line": 162, "column": 12 },
                "end": { "line": 162, "column": 33 }
            },
            "58": {
                "start": { "line": 162, "column": 21 },
                "end": { "line": 162, "column": 33 }
            },
            "59": {
                "start": { "line": 163, "column": 12 },
                "end": { "line": 163, "column": 28 }
            }
        },
        "fnMap": {
            "0": {
                "name": "(anonymous_11)",
                "decl": {
                    "start": { "line": 21, "column": 10 },
                    "end": { "line": 21, "column": 18 }
                },
                "loc": {
                    "start": { "line": 26, "column": 47 },
                    "end": { "line": 68, "column": null }
                }
            },
            "1": {
                "name": "(anonymous_13)",
                "decl": {
                    "start": { "line": 72, "column": 10 },
                    "end": { "line": 72, "column": 15 }
                },
                "loc": {
                    "start": { "line": 74, "column": 47 },
                    "end": { "line": 94, "column": null }
                }
            },
            "2": {
                "name": "(anonymous_15)",
                "decl": {
                    "start": { "line": 98, "column": 10 },
                    "end": { "line": 98, "column": 20 }
                },
                "loc": {
                    "start": { "line": 98, "column": 74 },
                    "end": { "line": 109, "column": null }
                }
            },
            "3": {
                "name": "(anonymous_17)",
                "decl": {
                    "start": { "line": 113, "column": 10 },
                    "end": { "line": 113, "column": 19 }
                },
                "loc": {
                    "start": { "line": 113, "column": 75 },
                    "end": { "line": 125, "column": null }
                }
            },
            "4": {
                "name": "(anonymous_19)",
                "decl": {
                    "start": { "line": 129, "column": 10 },
                    "end": { "line": 129, "column": 25 }
                },
                "loc": {
                    "start": { "line": 131, "column": 31 },
                    "end": { "line": 156, "column": null }
                }
            },
            "5": {
                "name": "(anonymous_21)",
                "decl": {
                    "start": { "line": 159, "column": 21 },
                    "end": { "line": 159, "column": 22 }
                },
                "loc": {
                    "start": { "line": 159, "column": 59 },
                    "end": { "line": 166, "column": 1 }
                }
            },
            "6": {
                "name": "(anonymous_22)",
                "decl": {
                    "start": { "line": 160, "column": 23 },
                    "end": { "line": 160, "column": 24 }
                },
                "loc": {
                    "start": { "line": 160, "column": 43 },
                    "end": { "line": 165, "column": 5 }
                }
            },
            "7": {
                "name": "(anonymous_23)",
                "decl": {
                    "start": { "line": 161, "column": 34 },
                    "end": { "line": 161, "column": 41 }
                },
                "loc": {
                    "start": { "line": 161, "column": 64 },
                    "end": { "line": 164, "column": 10 }
                }
            },
            "8": {
                "name": "(anonymous_24)",
                "decl": {
                    "start": { "line": 161, "column": 64 },
                    "end": { "line": 161, "column": null }
                },
                "loc": {
                    "start": { "line": 161, "column": 64 },
                    "end": { "line": 164, "column": 9 }
                }
            }
        },
        "branchMap": {
            "0": {
                "loc": {
                    "start": { "line": 28, "column": 8 },
                    "end": { "line": 30, "column": null }
                },
                "type": "if",
                "locations": [
                    {
                        "start": { "line": 28, "column": 8 },
                        "end": { "line": 30, "column": null }
                    }
                ]
            },
            "1": {
                "loc": {
                    "start": { "line": 28, "column": 12 },
                    "end": { "line": 28, "column": 73 }
                },
                "type": "binary-expr",
                "locations": [
                    {
                        "start": { "line": 28, "column": 12 },
                        "end": { "line": 28, "column": 21 }
                    },
                    {
                        "start": { "line": 28, "column": 25 },
                        "end": { "line": 28, "column": 36 }
                    },
                    {
                        "start": { "line": 28, "column": 40 },
                        "end": { "line": 28, "column": 50 }
                    },
                    {
                        "start": { "line": 28, "column": 54 },
                        "end": { "line": 28, "column": 60 }
                    },
                    {
                        "start": { "line": 28, "column": 64 },
                        "end": { "line": 28, "column": 73 }
                    }
                ]
            },
            "2": {
                "loc": {
                    "start": { "line": 31, "column": 8 },
                    "end": { "line": 33, "column": null }
                },
                "type": "if",
                "locations": [
                    {
                        "start": { "line": 31, "column": 8 },
                        "end": { "line": 33, "column": null }
                    }
                ]
            },
            "3": {
                "loc": {
                    "start": { "line": 34, "column": 8 },
                    "end": { "line": 36, "column": null }
                },
                "type": "if",
                "locations": [
                    {
                        "start": { "line": 34, "column": 8 },
                        "end": { "line": 36, "column": null }
                    }
                ]
            },
            "4": {
                "loc": {
                    "start": { "line": 60, "column": 12 },
                    "end": { "line": 66, "column": null }
                },
                "type": "if",
                "locations": [
                    {
                        "start": { "line": 60, "column": 12 },
                        "end": { "line": 66, "column": null }
                    },
                    {
                        "start": { "line": 62, "column": 19 },
                        "end": { "line": 66, "column": null }
                    }
                ]
            },
            "5": {
                "loc": {
                    "start": { "line": 62, "column": 19 },
                    "end": { "line": 66, "column": null }
                },
                "type": "if",
                "locations": [
                    {
                        "start": { "line": 62, "column": 19 },
                        "end": { "line": 66, "column": null }
                    },
                    {
                        "start": { "line": 64, "column": 19 },
                        "end": { "line": 66, "column": null }
                    }
                ]
            },
            "6": {
                "loc": {
                    "start": { "line": 78, "column": 8 },
                    "end": { "line": 80, "column": null }
                },
                "type": "if",
                "locations": [
                    {
                        "start": { "line": 78, "column": 8 },
                        "end": { "line": 80, "column": null }
                    }
                ]
            },
            "7": {
                "loc": {
                    "start": { "line": 84, "column": 8 },
                    "end": { "line": 86, "column": null }
                },
                "type": "if",
                "locations": [
                    {
                        "start": { "line": 84, "column": 8 },
                        "end": { "line": 86, "column": null }
                    }
                ]
            },
            "8": {
                "loc": {
                    "start": { "line": 104, "column": 8 },
                    "end": { "line": 106, "column": null }
                },
                "type": "if",
                "locations": [
                    {
                        "start": { "line": 104, "column": 8 },
                        "end": { "line": 106, "column": null }
                    }
                ]
            },
            "9": {
                "loc": {
                    "start": { "line": 114, "column": 8 },
                    "end": { "line": 115, "column": 75 }
                },
                "type": "if",
                "locations": [
                    {
                        "start": { "line": 114, "column": 8 },
                        "end": { "line": 115, "column": 75 }
                    }
                ]
            },
            "10": {
                "loc": {
                    "start": { "line": 138, "column": 8 },
                    "end": { "line": 140, "column": null }
                },
                "type": "if",
                "locations": [
                    {
                        "start": { "line": 138, "column": 8 },
                        "end": { "line": 140, "column": null }
                    }
                ]
            },
            "11": {
                "loc": {
                    "start": { "line": 162, "column": 12 },
                    "end": { "line": 162, "column": 33 }
                },
                "type": "if",
                "locations": [
                    {
                        "start": { "line": 162, "column": 12 },
                        "end": { "line": 162, "column": 33 }
                    }
                ]
            }
        },
        "s": {
            "0": 2,
            "1": 2,
            "2": 2,
            "3": 2,
            "4": 2,
            "5": 2,
            "6": 2,
            "7": 6,
            "8": 1,
            "9": 5,
            "10": 1,
            "11": 4,
            "12": 1,
            "13": 3,
            "14": 3,
            "15": 3,
            "16": 3,
            "17": 3,
            "18": 3,
            "19": 3,
            "20": 0,
            "21": 0,
            "22": 0,
            "23": 0,
            "24": 0,
            "25": 18,
            "26": 18,
            "27": 1,
            "28": 17,
            "29": 17,
            "30": 1,
            "31": 16,
            "32": 16,
            "33": 2,
            "34": 2,
            "35": 1,
            "36": 1,
            "37": 2,
            "38": 1,
            "39": 1,
            "40": 1,
            "41": 2,
            "42": 2,
            "43": 1,
            "44": 1,
            "45": 1,
            "46": 2,
            "47": 2,
            "48": 2,
            "49": 2,
            "50": 2,
            "51": 2,
            "52": 2,
            "53": 2,
            "54": 3,
            "55": 3,
            "56": 3,
            "57": 3,
            "58": 0,
            "59": 3
        },
        "f": {
            "0": 6,
            "1": 18,
            "2": 2,
            "3": 2,
            "4": 2,
            "5": 3,
            "6": 3,
            "7": 3,
            "8": 3
        },
        "b": {
            "0": [1],
            "1": [6, 5, 5, 5, 5],
            "2": [1],
            "3": [1],
            "4": [0, 0],
            "5": [0, 0],
            "6": [1],
            "7": [1],
            "8": [1],
            "9": [1],
            "10": [1],
            "11": [0]
        }
    },
    "C:\\Users\\lucab\\OneDrive\\Desktop\\jibJab\\JibJab\\backend\\models\\Message.ts": {
        "path": "C:\\Users\\lucab\\OneDrive\\Desktop\\jibJab\\JibJab\\backend\\models\\Message.ts",
        "statementMap": {
            "0": {
                "start": { "line": 1, "column": 0 },
                "end": { "line": 1, "column": 51 }
            },
            "1": {
                "start": { "line": 18, "column": 30 },
                "end": { "line": 49, "column": 2 }
            },
            "2": {
                "start": { "line": 50, "column": 0 },
                "end": { "line": 50, "column": 46 }
            },
            "3": {
                "start": { "line": 52, "column": 0 },
                "end": { "line": 52, "column": 57 }
            }
        },
        "fnMap": {},
        "branchMap": {},
        "s": { "0": 2, "1": 2, "2": 2, "3": 2 },
        "f": {},
        "b": {}
    },
    "C:\\Users\\lucab\\OneDrive\\Desktop\\jibJab\\JibJab\\backend\\models\\User.ts": {
        "path": "C:\\Users\\lucab\\OneDrive\\Desktop\\jibJab\\JibJab\\backend\\models\\User.ts",
        "statementMap": {
            "0": {
                "start": { "line": 1, "column": 0 },
                "end": { "line": 1, "column": 41 }
            },
            "1": {
                "start": { "line": 2, "column": 24 },
                "end": { "line": 2, "column": 60 }
            },
            "2": {
                "start": { "line": 15, "column": 27 },
                "end": { "line": 36, "column": 2 }
            },
            "3": {
                "start": { "line": 38, "column": 0 },
                "end": { "line": 40, "column": 3 }
            },
            "4": {
                "start": { "line": 42, "column": 0 },
                "end": { "line": 42, "column": 48 }
            }
        },
        "fnMap": {},
        "branchMap": {},
        "s": { "0": 2, "1": 2, "2": 2, "3": 2, "4": 2 },
        "f": {},
        "b": {}
    },
    "C:\\Users\\lucab\\OneDrive\\Desktop\\jibJab\\JibJab\\backend\\utils\\returns.ts": {
        "path": "C:\\Users\\lucab\\OneDrive\\Desktop\\jibJab\\JibJab\\backend\\utils\\returns.ts",
        "statementMap": {
            "0": {
                "start": { "line": 1, "column": 0 },
                "end": { "line": 1, "column": 43 }
            },
            "1": {
                "start": { "line": 3, "column": 30 },
                "end": { "line": 9, "column": 1 }
            },
            "2": {
                "start": { "line": 4, "column": 4 },
                "end": { "line": 8, "column": 7 }
            },
            "3": {
                "start": { "line": 3, "column": 13 },
                "end": { "line": 3, "column": 30 }
            },
            "4": {
                "start": { "line": 12, "column": 17 },
                "end": { "line": 18, "column": 1 }
            },
            "5": {
                "start": { "line": 13, "column": 4 },
                "end": { "line": 17, "column": 6 }
            },
            "6": {
                "start": { "line": 15, "column": 12 },
                "end": { "line": 15, "column": 61 }
            },
            "7": {
                "start": { "line": 20, "column": 28 },
                "end": { "line": 26, "column": 1 }
            },
            "8": {
                "start": { "line": 21, "column": 4 },
                "end": { "line": 25, "column": 6 }
            },
            "9": {
                "start": { "line": 20, "column": 13 },
                "end": { "line": 20, "column": 28 }
            }
        },
        "fnMap": {
            "0": {
                "name": "(anonymous_0)",
                "decl": {
                    "start": { "line": 3, "column": 30 },
                    "end": { "line": 3, "column": 31 }
                },
                "loc": {
                    "start": { "line": 3, "column": 53 },
                    "end": { "line": 9, "column": 1 }
                }
            },
            "1": {
                "name": "(anonymous_1)",
                "decl": {
                    "start": { "line": 12, "column": 17 },
                    "end": { "line": 12, "column": 18 }
                },
                "loc": {
                    "start": { "line": 12, "column": 34 },
                    "end": { "line": 18, "column": 1 }
                }
            },
            "2": {
                "name": "(anonymous_2)",
                "decl": {
                    "start": { "line": 14, "column": 29 },
                    "end": { "line": 14, "column": 30 }
                },
                "loc": {
                    "start": { "line": 15, "column": 12 },
                    "end": { "line": 15, "column": 61 }
                }
            },
            "3": {
                "name": "(anonymous_3)",
                "decl": {
                    "start": { "line": 20, "column": 28 },
                    "end": { "line": 20, "column": 29 }
                },
                "loc": {
                    "start": { "line": 20, "column": 48 },
                    "end": { "line": 26, "column": 1 }
                }
            }
        },
        "branchMap": {
            "0": {
                "loc": {
                    "start": { "line": 15, "column": 12 },
                    "end": { "line": 15, "column": 61 }
                },
                "type": "cond-expr",
                "locations": [
                    {
                        "start": { "line": 15, "column": 37 },
                        "end": { "line": 15, "column": 53 }
                    },
                    {
                        "start": { "line": 15, "column": 56 },
                        "end": { "line": 15, "column": 61 }
                    }
                ]
            }
        },
        "s": {
            "0": 2,
            "1": 2,
            "2": 34,
            "3": 2,
            "4": 2,
            "5": 34,
            "6": 416,
            "7": 2,
            "8": 16,
            "9": 2
        },
        "f": { "0": 34, "1": 34, "2": 416, "3": 16 },
        "b": { "0": [94, 322] }
    },
    "C:\\Users\\lucab\\OneDrive\\Desktop\\jibJab\\JibJab\\backend\\utils\\userChecker.ts": {
        "path": "C:\\Users\\lucab\\OneDrive\\Desktop\\jibJab\\JibJab\\backend\\utils\\userChecker.ts",
        "statementMap": {
            "0": {
                "start": { "line": 2, "column": 0 },
                "end": { "line": 2, "column": 50 }
            },
            "1": {
                "start": { "line": 3, "column": 0 },
                "end": { "line": 3, "column": 34 }
            },
            "2": {
                "start": { "line": 4, "column": 0 },
                "end": { "line": 4, "column": 23 }
            },
            "3": {
                "start": { "line": 5, "column": 0 },
                "end": { "line": 5, "column": 41 }
            },
            "4": {
                "start": { "line": 7, "column": 27 },
                "end": { "line": 26, "column": 2 }
            },
            "5": {
                "start": { "line": 7, "column": 52 },
                "end": { "line": 26, "column": 2 }
            },
            "6": {
                "start": { "line": 8, "column": 24 },
                "end": { "line": 8, "column": 61 }
            },
            "7": {
                "start": { "line": 10, "column": 4 },
                "end": { "line": 25, "column": null }
            },
            "8": {
                "start": { "line": 11, "column": 25 },
                "end": { "line": 13, "column": null }
            },
            "9": {
                "start": { "line": 15, "column": 25 },
                "end": { "line": 15, "column": 44 }
            },
            "10": {
                "start": { "line": 17, "column": 21 },
                "end": { "line": 17, "column": 70 }
            },
            "11": {
                "start": { "line": 18, "column": 8 },
                "end": { "line": 20, "column": null }
            },
            "12": {
                "start": { "line": 19, "column": 12 },
                "end": { "line": 19, "column": 53 }
            },
            "13": {
                "start": { "line": 22, "column": 8 },
                "end": { "line": 22, "column": 20 }
            },
            "14": {
                "start": { "line": 24, "column": 8 },
                "end": { "line": 24, "column": 49 }
            },
            "15": {
                "start": { "line": 7, "column": 13 },
                "end": { "line": 7, "column": 27 }
            }
        },
        "fnMap": {
            "0": {
                "name": "(anonymous_8)",
                "decl": {
                    "start": { "line": 7, "column": 27 },
                    "end": { "line": 7, "column": 34 }
                },
                "loc": {
                    "start": { "line": 7, "column": 52 },
                    "end": { "line": 26, "column": 2 }
                }
            },
            "1": {
                "name": "(anonymous_9)",
                "decl": {
                    "start": { "line": 7, "column": 52 },
                    "end": { "line": 7, "column": null }
                },
                "loc": {
                    "start": { "line": 7, "column": 52 },
                    "end": { "line": 26, "column": 1 }
                }
            }
        },
        "branchMap": {
            "0": {
                "loc": {
                    "start": { "line": 18, "column": 8 },
                    "end": { "line": 20, "column": null }
                },
                "type": "if",
                "locations": [
                    {
                        "start": { "line": 18, "column": 8 },
                        "end": { "line": 20, "column": null }
                    }
                ]
            }
        },
        "s": {
            "0": 2,
            "1": 2,
            "2": 2,
            "3": 2,
            "4": 2,
            "5": 26,
            "6": 26,
            "7": 26,
            "8": 26,
            "9": 26,
            "10": 26,
            "11": 26,
            "12": 0,
            "13": 26,
            "14": 0,
            "15": 2
        },
        "f": { "0": 26, "1": 26 },
        "b": { "0": [0] }
    }
}
