TN:
SF:controllers\MessageController.ts
FN:20,(anonymous_11)
FN:73,(anonymous_13)
FN:134,(anonymous_15)
FN:186,(anonymous_17)
FNF:4
FNH:4
FNDA:9,(anonymous_11)
FNDA:6,(anonymous_13)
FNDA:3,(anonymous_15)
FNDA:2,(anonymous_17)
DA:1,2
DA:10,2
DA:11,2
DA:12,2
DA:13,2
DA:17,2
DA:20,2
DA:26,9
DA:27,1
DA:29,8
DA:30,1
DA:33,7
DA:45,7
DA:46,7
DA:47,7
DA:48,7
DA:61,0
DA:62,0
DA:63,0
DA:64,0
DA:66,0
DA:73,2
DA:79,6
DA:84,1
DA:86,5
DA:90,5
DA:92,5
DA:93,3
DA:96,2
DA:97,2
DA:99,1
DA:102,2
DA:105,1
DA:108,1
DA:109,1
DA:112,1
DA:115,3
DA:116,3
DA:120,3
DA:122,0
DA:123,0
DA:124,0
DA:125,0
DA:127,0
DA:134,2
DA:140,3
DA:141,1
DA:143,2
DA:164,2
DA:165,1
DA:168,1
DA:169,2
DA:170,2
DA:171,16
DA:172,1
DA:174,15
DA:178,2
DA:181,1
DA:186,2
DA:187,2
DA:189,2
DA:196,2
DA:197,2
DA:198,1
DA:200,1
DA:202,1
DA:203,0
LF:67
LH:56
BRDA:26,0,0,1
BRDA:26,1,0,9
BRDA:26,1,1,8
BRDA:26,1,2,8
BRDA:29,2,0,1
BRDA:61,3,0,0
BRDA:61,3,1,0
BRDA:63,4,0,0
BRDA:63,4,1,0
BRDA:79,5,0,1
BRDA:80,6,0,6
BRDA:80,6,1,5
BRDA:80,6,2,5
BRDA:90,7,0,0
BRDA:92,8,0,3
BRDA:92,8,1,2
BRDA:93,9,0,2
BRDA:93,9,1,1
BRDA:102,10,0,1
BRDA:102,10,1,1
BRDA:122,11,0,0
BRDA:122,11,1,0
BRDA:124,12,0,0
BRDA:124,12,1,0
BRDA:140,13,0,1
BRDA:140,14,0,3
BRDA:140,14,1,3
BRDA:140,14,2,3
BRDA:164,15,0,1
BRDA:164,16,0,2
BRDA:164,16,1,2
BRDA:171,17,0,1
BRDA:171,17,1,15
BRDA:187,18,0,0
BRDA:196,19,0,0
BRDA:197,20,0,1
BRDA:202,21,0,1
BRDA:202,21,1,0
BRF:38
BRH:26
end_of_record
TN:
SF:controllers\UserController.ts
FN:21,(anonymous_11)
FN:72,(anonymous_13)
FN:98,(anonymous_15)
FN:113,(anonymous_17)
FN:129,(anonymous_19)
FN:159,(anonymous_21)
FN:160,(anonymous_22)
FN:161,(anonymous_23)
FN:161,(anonymous_24)
FNF:9
FNH:9
FNDA:6,(anonymous_11)
FNDA:18,(anonymous_13)
FNDA:2,(anonymous_15)
FNDA:2,(anonymous_17)
FNDA:2,(anonymous_19)
FNDA:3,(anonymous_21)
FNDA:3,(anonymous_22)
FNDA:3,(anonymous_23)
FNDA:3,(anonymous_24)
DA:1,2
DA:11,2
DA:12,2
DA:13,2
DA:14,2
DA:15,2
DA:18,2
DA:21,2
DA:28,6
DA:29,1
DA:31,5
DA:32,1
DA:34,4
DA:35,1
DA:38,3
DA:39,3
DA:43,3
DA:53,3
DA:54,3
DA:55,3
DA:56,3
DA:60,0
DA:61,0
DA:62,0
DA:63,0
DA:65,0
DA:72,2
DA:77,18
DA:78,18
DA:79,1
DA:83,17
DA:84,17
DA:85,1
DA:89,16
DA:93,16
DA:98,2
DA:99,2
DA:104,2
DA:105,1
DA:108,1
DA:113,2
DA:114,2
DA:115,1
DA:117,1
DA:124,1
DA:129,2
DA:133,2
DA:138,2
DA:139,1
DA:142,1
DA:155,1
DA:159,2
DA:160,3
DA:161,3
DA:162,3
DA:163,3
LF:56
LH:51
BRDA:28,0,0,1
BRDA:28,1,0,6
BRDA:28,1,1,5
BRDA:28,1,2,5
BRDA:28,1,3,5
BRDA:28,1,4,5
BRDA:31,2,0,1
BRDA:34,3,0,1
BRDA:60,4,0,0
BRDA:60,4,1,0
BRDA:62,5,0,0
BRDA:62,5,1,0
BRDA:78,6,0,1
BRDA:84,7,0,1
BRDA:104,8,0,1
BRDA:114,9,0,1
BRDA:138,10,0,1
BRDA:162,11,0,0
BRF:18
BRH:13
end_of_record
TN:
SF:models\Message.ts
FNF:0
FNH:0
DA:1,2
DA:18,2
DA:50,2
DA:52,2
LF:4
LH:4
BRF:0
BRH:0
end_of_record
TN:
SF:models\User.ts
FNF:0
FNH:0
DA:1,2
DA:2,2
DA:15,2
DA:38,2
DA:42,2
LF:5
LH:5
BRF:0
BRH:0
end_of_record
TN:
SF:utils\returns.ts
FN:3,(anonymous_0)
FN:12,(anonymous_1)
FN:14,(anonymous_2)
FN:20,(anonymous_3)
FNF:4
FNH:4
FNDA:34,(anonymous_0)
FNDA:34,(anonymous_1)
FNDA:416,(anonymous_2)
FNDA:16,(anonymous_3)
DA:1,2
DA:3,2
DA:4,34
DA:12,2
DA:13,34
DA:15,416
DA:20,2
DA:21,16
LF:8
LH:8
BRDA:15,0,0,94
BRDA:15,0,1,322
BRF:2
BRH:2
end_of_record
TN:
SF:utils\userChecker.ts
FN:7,(anonymous_8)
FN:7,(anonymous_9)
FNF:2
FNH:2
FNDA:26,(anonymous_8)
FNDA:26,(anonymous_9)
DA:2,2
DA:3,2
DA:4,2
DA:5,2
DA:7,26
DA:8,26
DA:10,26
DA:11,26
DA:15,26
DA:17,26
DA:18,26
DA:19,0
DA:22,26
DA:24,0
LF:14
LH:12
BRDA:18,0,0,0
BRF:1
BRH:0
end_of_record
