TN:
SF:controllers\MessageController.ts
FN:17,(anonymous_11)
FN:59,(anonymous_13)
FNF:2
FNH:1
FNDA:3,(anonymous_11)
FNDA:0,(anonymous_13)
DA:1,1
DA:8,1
DA:9,1
DA:10,1
DA:11,1
DA:14,1
DA:17,1
DA:23,3
DA:24,1
DA:26,2
DA:27,1
DA:30,1
DA:37,1
DA:38,1
DA:39,1
DA:40,1
DA:47,0
DA:48,0
DA:49,0
DA:50,0
DA:52,0
DA:59,1
DA:60,0
DA:66,0
DA:67,0
DA:69,0
LF:26
LH:17
BRDA:23,0,0,1
BRDA:23,1,0,3
BRDA:23,1,1,2
BRDA:23,1,2,2
BRDA:26,2,0,1
BRDA:47,3,0,0
BRDA:47,3,1,0
BRDA:49,4,0,0
BRDA:49,4,1,0
BRDA:66,5,0,0
BRF:10
BRH:5
end_of_record
TN:
SF:controllers\UserController.ts
FN:18,(anonymous_11)
FN:69,(anonymous_13)
FN:95,(anonymous_15)
FN:96,(anonymous_16)
FN:97,(anonymous_17)
FN:97,(anonymous_18)
FNF:6
FNH:6
FNDA:5,(anonymous_11)
FNDA:6,(anonymous_13)
FNDA:2,(anonymous_15)
FNDA:2,(anonymous_16)
FNDA:2,(anonymous_17)
FNDA:2,(anonymous_18)
DA:1,2
DA:9,2
DA:10,2
DA:11,2
DA:12,2
DA:15,2
DA:18,2
DA:25,5
DA:26,1
DA:28,4
DA:29,1
DA:31,3
DA:32,1
DA:35,2
DA:36,2
DA:40,2
DA:50,2
DA:51,2
DA:52,2
DA:53,2
DA:57,0
DA:58,0
DA:59,0
DA:60,0
DA:62,0
DA:69,2
DA:74,6
DA:75,6
DA:76,1
DA:80,5
DA:81,5
DA:82,1
DA:86,4
DA:90,4
DA:91,4
DA:95,2
DA:96,2
DA:97,2
DA:98,2
DA:99,2
LF:40
LH:35
BRDA:25,0,0,1
BRDA:25,1,0,5
BRDA:25,1,1,4
BRDA:25,1,2,4
BRDA:25,1,3,4
BRDA:25,1,4,4
BRDA:28,2,0,1
BRDA:31,3,0,1
BRDA:57,4,0,0
BRDA:57,4,1,0
BRDA:59,5,0,0
BRDA:59,5,1,0
BRDA:75,6,0,1
BRDA:81,7,0,1
BRDA:98,8,0,0
BRF:15
BRH:10
end_of_record
TN:
SF:models\Message.ts
FNF:0
FNH:0
DA:1,1
DA:10,1
DA:24,1
LF:3
LH:3
BRF:0
BRH:0
end_of_record
TN:
SF:models\User.ts
FNF:0
FNH:0
DA:1,2
DA:2,2
DA:15,2
DA:38,2
DA:42,2
LF:5
LH:5
BRF:0
BRH:0
end_of_record
TN:
SF:utils\returns.ts
FN:1,(anonymous_0)
FN:9,(anonymous_1)
FNF:2
FNH:2
FNDA:7,(anonymous_0)
FNDA:7,(anonymous_1)
DA:1,2
DA:2,7
DA:9,2
DA:10,7
LF:4
LH:4
BRF:0
BRH:0
end_of_record
TN:
SF:utils\userChecker.ts
FN:7,(anonymous_8)
FN:7,(anonymous_9)
FNF:2
FNH:2
FNDA:3,(anonymous_8)
FNDA:3,(anonymous_9)
DA:2,1
DA:3,1
DA:4,1
DA:5,1
DA:7,3
DA:8,3
DA:10,3
DA:11,3
DA:15,3
DA:17,3
DA:18,3
DA:19,0
DA:22,3
DA:24,0
LF:14
LH:12
BRDA:18,0,0,0
BRF:1
BRH:0
end_of_record
